1676828560877	geckodriver	INFO	Listening on 127.0.0.1:39889
1676828561380	mozrunner::runner	INFO	Running command: "/usr/bin/firefox" "--marionette" "--remote-debugging-port" "49153" "--remote-allow-hosts" "localhost" "-no-remote" "-profile" "/tmp/rust_mozprofile0EfVR2"
[GFX1-]: glxtest: libEGL missing
1676828561787	Marionette	INFO	Marionette enabled
1676828561790	Marionette	INFO	Listening on port 40405
WebDriver BiDi listening on ws://127.0.0.1:49153
Read port: 40405
1676828561996	RemoteAgent	WARN	TLS certificate errors will be ignored for this session
console.warn: SearchSettings: "get: No settings file exists, new profile?" (new NotFoundError("Could not open the file at /tmp/rust_mozprofile0EfVR2/search.json.mozlz4", (void 0)))
DevTools listening on ws://127.0.0.1:49153/devtools/browser/171808ed-f1e8-4c05-8214-d2c05ca8c3ec
NVD3D10: CPU cyclestats are disabled on client virtualization 
NVD3D10: CPU cyclestats are disabled on client virtualization 
JavaScript warning: https://static.xx.fbcdn.net/rsrc.php/v3iqES4/yc/l/en_US/62ORkRdLvLv.js?_nc_x=Ij3Wp8lg5Kz, line 22: Failed to create WebGL context: WebGL creation failed: 
* tryNativeGL ()
* Exhausted GL driver options. (FEATURE_FAILURE_WEBGL_EXHAUSTED_DRIVERS)
JavaScript warning: https://static.xx.fbcdn.net/rsrc.php/v3iqES4/yc/l/en_US/62ORkRdLvLv.js?_nc_x=Ij3Wp8lg5Kz, line 22: Failed to create WebGL context: WebGL creation failed: 
* tryNativeGL ()
* Exhausted GL driver options. (FEATURE_FAILURE_WEBGL_EXHAUSTED_DRIVERS)
JavaScript warning: https://static.xx.fbcdn.net/rsrc.php/v3/yI/r/Ib90vcVxYzI.js?_nc_x=Ij3Wp8lg5Kz, line 43: Failed to create WebGL context: WebGL creation failed: 
* tryNativeGL ()
* Exhausted GL driver options. (FEATURE_FAILURE_WEBGL_EXHAUSTED_DRIVERS)
JavaScript warning: https://static.xx.fbcdn.net/rsrc.php/v3/yI/r/Ib90vcVxYzI.js?_nc_x=Ij3Wp8lg5Kz, line 43: Failed to create WebGL context: WebGL creation failed: 
* tryNativeGL ()
* Exhausted GL driver options. (FEATURE_FAILURE_WEBGL_EXHAUSTED_DRIVERS)
console.warn: LoginRecipes: "Falling back to a synchronous message for: https://www.facebook.com."
console.warn: LoginRecipes: "Falling back to a synchronous message for: https://www.facebook.com."
JavaScript error: https://static.xx.fbcdn.net/rsrc.php/v3i61F4/yd/l/makehaste_jhash/PjgOG2TDnbewcI-aqOydKVBf2sR-Hu85Mbka_E1fwAsQ1Xpl4Sm7F7zwoh1R1fSVUyGOyme0M-P4D9Pj4nTCM_vMe2ZnM4EufSm2YPyP1AEu_GTKj3cJuetpDzoxnU5Oyt0BVoFYn7fpsAL-hGIjF8B-rs.js?_nc_x=6Fu5YJSc13F, line 448: Error: Minified React error #418; visit https://reactjs.org/docs/error-decoder.html?invariant=418 for the full message or use the non-minified dev environment for full errors and additional helpful warnings.
JavaScript error: https://static.xx.fbcdn.net/rsrc.php/v3i61F4/yd/l/makehaste_jhash/PjgOG2TDnbewcI-aqOydKVBf2sR-Hu85Mbka_E1fwAsQ1Xpl4Sm7F7zwoh1R1fSVUyGOyme0M-P4D9Pj4nTCM_vMe2ZnM4EufSm2YPyP1AEu_GTKj3cJuetpDzoxnU5Oyt0BVoFYn7fpsAL-hGIjF8B-rs.js?_nc_x=6Fu5YJSc13F, line 448: Error: Minified React error #418; visit https://reactjs.org/docs/error-decoder.html?invariant=418 for the full message or use the non-minified dev environment for full errors and additional helpful warnings.
JavaScript error: https://static.xx.fbcdn.net/rsrc.php/v3i61F4/yd/l/makehaste_jhash/PjgOG2TDnbewcI-aqOydKVBf2sR-Hu85Mbka_E1fwAsQ1Xpl4Sm7F7zwoh1R1fSVUyGOyme0M-P4D9Pj4nTCM_vMe2ZnM4EufSm2YPyP1AEu_GTKj3cJuetpDzoxnU5Oyt0BVoFYn7fpsAL-hGIjF8B-rs.js?_nc_x=6Fu5YJSc13F, line 448: Error: Minified React error #418; visit https://reactjs.org/docs/error-decoder.html?invariant=418 for the full message or use the non-minified dev environment for full errors and additional helpful warnings.
JavaScript error: https://static.xx.fbcdn.net/rsrc.php/v3i61F4/yd/l/makehaste_jhash/PjgOG2TDnbewcI-aqOydKVBf2sR-Hu85Mbka_E1fwAsQ1Xpl4Sm7F7zwoh1R1fSVUyGOyme0M-P4D9Pj4nTCM_vMe2ZnM4EufSm2YPyP1AEu_GTKj3cJuetpDzoxnU5Oyt0BVoFYn7fpsAL-hGIjF8B-rs.js?_nc_x=6Fu5YJSc13F, line 448: Error: Minified React error #418; visit https://reactjs.org/docs/error-decoder.html?invariant=418 for the full message or use the non-minified dev environment for full errors and additional helpful warnings.
JavaScript error: https://static.xx.fbcdn.net/rsrc.php/v3i61F4/yd/l/makehaste_jhash/PjgOG2TDnbewcI-aqOydKVBf2sR-Hu85Mbka_E1fwAsQ1Xpl4Sm7F7zwoh1R1fSVUyGOyme0M-P4D9Pj4nTCM_vMe2ZnM4EufSm2YPyP1AEu_GTKj3cJuetpDzoxnU5Oyt0BVoFYn7fpsAL-hGIjF8B-rs.js?_nc_x=6Fu5YJSc13F, line 448: Error: Minified React error #418; visit https://reactjs.org/docs/error-decoder.html?invariant=418 for the full message or use the non-minified dev environment for full errors and additional helpful warnings.
JavaScript error: https://static.xx.fbcdn.net/rsrc.php/v3i61F4/yd/l/makehaste_jhash/PjgOG2TDnbewcI-aqOydKVBf2sR-Hu85Mbka_E1fwAsQ1Xpl4Sm7F7zwoh1R1fSVUyGOyme0M-P4D9Pj4nTCM_vMe2ZnM4EufSm2YPyP1AEu_GTKj3cJuetpDzoxnU5Oyt0BVoFYn7fpsAL-hGIjF8B-rs.js?_nc_x=6Fu5YJSc13F, line 448: Error: Minified React error #418; visit https://reactjs.org/docs/error-decoder.html?invariant=418 for the full message or use the non-minified dev environment for full errors and additional helpful warnings.
JavaScript error: https://static.xx.fbcdn.net/rsrc.php/v3i61F4/yd/l/makehaste_jhash/PjgOG2TDnbewcI-aqOydKVBf2sR-Hu85Mbka_E1fwAsQ1Xpl4Sm7F7zwoh1R1fSVUyGOyme0M-P4D9Pj4nTCM_vMe2ZnM4EufSm2YPyP1AEu_GTKj3cJuetpDzoxnU5Oyt0BVoFYn7fpsAL-hGIjF8B-rs.js?_nc_x=6Fu5YJSc13F, line 448: Error: Minified React error #418; visit https://reactjs.org/docs/error-decoder.html?invariant=418 for the full message or use the non-minified dev environment for full errors and additional helpful warnings.
JavaScript error: https://static.xx.fbcdn.net/rsrc.php/v3i61F4/yd/l/makehaste_jhash/PjgOG2TDnbewcI-aqOydKVBf2sR-Hu85Mbka_E1fwAsQ1Xpl4Sm7F7zwoh1R1fSVUyGOyme0M-P4D9Pj4nTCM_vMe2ZnM4EufSm2YPyP1AEu_GTKj3cJuetpDzoxnU5Oyt0BVoFYn7fpsAL-hGIjF8B-rs.js?_nc_x=6Fu5YJSc13F, line 448: Error: Minified React error #418; visit https://reactjs.org/docs/error-decoder.html?invariant=418 for the full message or use the non-minified dev environment for full errors and additional helpful warnings.
JavaScript error: https://static.xx.fbcdn.net/rsrc.php/v3i61F4/yd/l/makehaste_jhash/PjgOG2TDnbewcI-aqOydKVBf2sR-Hu85Mbka_E1fwAsQ1Xpl4Sm7F7zwoh1R1fSVUyGOyme0M-P4D9Pj4nTCM_vMe2ZnM4EufSm2YPyP1AEu_GTKj3cJuetpDzoxnU5Oyt0BVoFYn7fpsAL-hGIjF8B-rs.js?_nc_x=6Fu5YJSc13F, line 448: Error: Minified React error #418; visit https://reactjs.org/docs/error-decoder.html?invariant=418 for the full message or use the non-minified dev environment for full errors and additional helpful warnings.
JavaScript error: https://static.xx.fbcdn.net/rsrc.php/v3i61F4/yd/l/makehaste_jhash/PjgOG2TDnbewcI-aqOydKVBf2sR-Hu85Mbka_E1fwAsQ1Xpl4Sm7F7zwoh1R1fSVUyGOyme0M-P4D9Pj4nTCM_vMe2ZnM4EufSm2YPyP1AEu_GTKj3cJuetpDzoxnU5Oyt0BVoFYn7fpsAL-hGIjF8B-rs.js?_nc_x=6Fu5YJSc13F, line 448: Error: Minified React error #418; visit https://reactjs.org/docs/error-decoder.html?invariant=418 for the full message or use the non-minified dev environment for full errors and additional helpful warnings.
JavaScript error: https://static.xx.fbcdn.net/rsrc.php/v3i61F4/yd/l/makehaste_jhash/PjgOG2TDnbewcI-aqOydKVBf2sR-Hu85Mbka_E1fwAsQ1Xpl4Sm7F7zwoh1R1fSVUyGOyme0M-P4D9Pj4nTCM_vMe2ZnM4EufSm2YPyP1AEu_GTKj3cJuetpDzoxnU5Oyt0BVoFYn7fpsAL-hGIjF8B-rs.js?_nc_x=6Fu5YJSc13F, line 448: Error: Minified React error #418; visit https://reactjs.org/docs/error-decoder.html?invariant=418 for the full message or use the non-minified dev environment for full errors and additional helpful warnings.
JavaScript warning: https://static.xx.fbcdn.net/rsrc.php/v3iPDG4/yn/l/makehaste_jhash/Zm94TtgvyCX.js?_nc_x=6Fu5YJSc13F, line 155: Failed to create WebGL context: WebGL creation failed: 
* tryNativeGL ()
* Exhausted GL driver options. (FEATURE_FAILURE_WEBGL_EXHAUSTED_DRIVERS)
JavaScript warning: https://static.xx.fbcdn.net/rsrc.php/v3iPDG4/yn/l/makehaste_jhash/Zm94TtgvyCX.js?_nc_x=6Fu5YJSc13F, line 155: Failed to create WebGL context: WebGL creation failed: 
* tryNativeGL ()
* Exhausted GL driver options. (FEATURE_FAILURE_WEBGL_EXHAUSTED_DRIVERS)
console.warn: LoginRecipes: "Falling back to a synchronous message for: https://www.facebook.com."
console.warn: LoginRecipes: "Falling back to a synchronous message for: https://www.facebook.com."
console.warn: LoginRecipes: "Falling back to a synchronous message for: https://www.facebook.com."
console.warn: LoginRecipes: "Falling back to a synchronous message for: https://www.facebook.com."
console.warn: LoginRecipes: "Falling back to a synchronous message for: https://www.facebook.com."
console.warn: LoginRecipes: "Falling back to a synchronous message for: https://www.facebook.com."
JavaScript warning: https://static.xx.fbcdn.net/rsrc.php/v3/yI/r/Ib90vcVxYzI.js?_nc_x=6Fu5YJSc13F, line 43: Failed to create WebGL context: WebGL creation failed: 
* tryNativeGL ()
* Exhausted GL driver options. (FEATURE_FAILURE_WEBGL_EXHAUSTED_DRIVERS)
JavaScript warning: https://static.xx.fbcdn.net/rsrc.php/v3/yI/r/Ib90vcVxYzI.js?_nc_x=6Fu5YJSc13F, line 43: Failed to create WebGL context: WebGL creation failed: 
* tryNativeGL ()
* Exhausted GL driver options. (FEATURE_FAILURE_WEBGL_EXHAUSTED_DRIVERS)
console.warn: LoginRecipes: "Falling back to a synchronous message for: https://m.facebook.com."
console.warn: LoginRecipes: "Falling back to a synchronous message for: https://m.facebook.com."
console.warn: LoginRecipes: "Falling back to a synchronous message for: https://m.facebook.com."
console.warn: LoginRecipes: "Falling back to a synchronous message for: https://m.facebook.com."
console.warn: LoginRecipes: "Falling back to a synchronous message for: https://m.facebook.com."
console.warn: LoginRecipes: "Falling back to a synchronous message for: https://m.facebook.com."
1676828578216	Marionette	INFO	Stopped listening on port 40405
1676828578258	geckodriver::marionette	ERROR	Failed to close browser connection: Socket not connected (os error 107)
1676830448298	geckodriver	INFO	Listening on 127.0.0.1:53657
1676830448801	mozrunner::runner	INFO	Running command: "/usr/bin/firefox" "--marionette" "--remote-debugging-port" "59531" "--remote-allow-hosts" "localhost" "-no-remote" "-profile" "/tmp/rust_mozprofilemcCkhi"
[GFX1-]: glxtest: libEGL missing
1676830449206	Marionette	INFO	Marionette enabled
1676830449208	Marionette	INFO	Listening on port 38951
WebDriver BiDi listening on ws://127.0.0.1:59531
Read port: 38951
1676830449413	RemoteAgent	WARN	TLS certificate errors will be ignored for this session
console.warn: SearchSettings: "get: No settings file exists, new profile?" (new NotFoundError("Could not open the file at /tmp/rust_mozprofilemcCkhi/search.json.mozlz4", (void 0)))
DevTools listening on ws://127.0.0.1:59531/devtools/browser/3cab538f-ab88-4728-96ad-45bd2221770f
NVD3D10: CPU cyclestats are disabled on client virtualization 
NVD3D10: CPU cyclestats are disabled on client virtualization 
JavaScript warning: https://static.xx.fbcdn.net/rsrc.php/v3/yI/r/Ib90vcVxYzI.js?_nc_x=Ij3Wp8lg5Kz, line 43: Failed to create WebGL context: WebGL creation failed: 
* tryNativeGL ()
* Exhausted GL driver options. (FEATURE_FAILURE_WEBGL_EXHAUSTED_DRIVERS)
JavaScript warning: https://static.xx.fbcdn.net/rsrc.php/v3/yI/r/Ib90vcVxYzI.js?_nc_x=Ij3Wp8lg5Kz, line 43: Failed to create WebGL context: WebGL creation failed: 
* tryNativeGL ()
* Exhausted GL driver options. (FEATURE_FAILURE_WEBGL_EXHAUSTED_DRIVERS)
JavaScript warning: https://static.xx.fbcdn.net/rsrc.php/v3iqES4/yc/l/en_US/62ORkRdLvLv.js?_nc_x=Ij3Wp8lg5Kz, line 22: Failed to create WebGL context: WebGL creation failed: 
* tryNativeGL ()
* Exhausted GL driver options. (FEATURE_FAILURE_WEBGL_EXHAUSTED_DRIVERS)
JavaScript warning: https://static.xx.fbcdn.net/rsrc.php/v3iqES4/yc/l/en_US/62ORkRdLvLv.js?_nc_x=Ij3Wp8lg5Kz, line 22: Failed to create WebGL context: WebGL creation failed: 
* tryNativeGL ()
* Exhausted GL driver options. (FEATURE_FAILURE_WEBGL_EXHAUSTED_DRIVERS)
console.warn: LoginRecipes: "Falling back to a synchronous message for: https://www.facebook.com."
console.warn: LoginRecipes: "Falling back to a synchronous message for: https://www.facebook.com."
JavaScript warning: https://static.xx.fbcdn.net/rsrc.php/v3iPDG4/yn/l/makehaste_jhash/Zm94TtgvyCX.js?_nc_x=6Fu5YJSc13F, line 155: Failed to create WebGL context: WebGL creation failed: 
* tryNativeGL ()
* Exhausted GL driver options. (FEATURE_FAILURE_WEBGL_EXHAUSTED_DRIVERS)
JavaScript warning: https://static.xx.fbcdn.net/rsrc.php/v3iPDG4/yn/l/makehaste_jhash/Zm94TtgvyCX.js?_nc_x=6Fu5YJSc13F, line 155: Failed to create WebGL context: WebGL creation failed: 
* tryNativeGL ()
* Exhausted GL driver options. (FEATURE_FAILURE_WEBGL_EXHAUSTED_DRIVERS)
console.warn: LoginRecipes: "Falling back to a synchronous message for: https://www.facebook.com."
console.warn: LoginRecipes: "Falling back to a synchronous message for: https://www.facebook.com."
console.warn: LoginRecipes: "Falling back to a synchronous message for: https://www.facebook.com."
console.warn: LoginRecipes: "Falling back to a synchronous message for: https://www.facebook.com."
console.warn: LoginRecipes: "Falling back to a synchronous message for: https://www.facebook.com."
console.warn: LoginRecipes: "Falling back to a synchronous message for: https://www.facebook.com."
JavaScript warning: https://static.xx.fbcdn.net/rsrc.php/v3/yI/r/Ib90vcVxYzI.js?_nc_x=6Fu5YJSc13F, line 43: Failed to create WebGL context: WebGL creation failed: 
* tryNativeGL ()
* Exhausted GL driver options. (FEATURE_FAILURE_WEBGL_EXHAUSTED_DRIVERS)
JavaScript warning: https://static.xx.fbcdn.net/rsrc.php/v3/yI/r/Ib90vcVxYzI.js?_nc_x=6Fu5YJSc13F, line 43: Failed to create WebGL context: WebGL creation failed: 
* tryNativeGL ()
* Exhausted GL driver options. (FEATURE_FAILURE_WEBGL_EXHAUSTED_DRIVERS)
Exiting due to channel error.
Exiting due to channel error.
Exiting due to channel error.
Exiting due to channel error.
Exiting due to channel error.
1676830587696	geckodriver	INFO	Listening on 127.0.0.1:34295
1676830588199	mozrunner::runner	INFO	Running command: "/usr/bin/firefox" "--marionette" "--remote-debugging-port" "49777" "--remote-allow-hosts" "localhost" "-no-remote" "-profile" "/tmp/rust_mozprofileAbvLT9"
[GFX1-]: glxtest: libEGL missing
1676830588606	Marionette	INFO	Marionette enabled
1676830588609	Marionette	INFO	Listening on port 36749
WebDriver BiDi listening on ws://127.0.0.1:49777
Read port: 36749
1676830588819	RemoteAgent	WARN	TLS certificate errors will be ignored for this session
console.warn: SearchSettings: "get: No settings file exists, new profile?" (new NotFoundError("Could not open the file at /tmp/rust_mozprofileAbvLT9/search.json.mozlz4", (void 0)))
DevTools listening on ws://127.0.0.1:49777/devtools/browser/37ec539c-23f0-4e36-b5e7-6356124d5760
NVD3D10: CPU cyclestats are disabled on client virtualization 
NVD3D10: CPU cyclestats are disabled on client virtualization 
JavaScript warning: https://static.xx.fbcdn.net/rsrc.php/v3/yI/r/Ib90vcVxYzI.js?_nc_x=Ij3Wp8lg5Kz, line 43: Failed to create WebGL context: WebGL creation failed: 
* tryNativeGL ()
* Exhausted GL driver options. (FEATURE_FAILURE_WEBGL_EXHAUSTED_DRIVERS)
JavaScript warning: https://static.xx.fbcdn.net/rsrc.php/v3/yI/r/Ib90vcVxYzI.js?_nc_x=Ij3Wp8lg5Kz, line 43: Failed to create WebGL context: WebGL creation failed: 
* tryNativeGL ()
* Exhausted GL driver options. (FEATURE_FAILURE_WEBGL_EXHAUSTED_DRIVERS)
JavaScript warning: https://static.xx.fbcdn.net/rsrc.php/v3iqES4/yc/l/en_US/62ORkRdLvLv.js?_nc_x=Ij3Wp8lg5Kz, line 22: Failed to create WebGL context: WebGL creation failed: 
* tryNativeGL ()
* Exhausted GL driver options. (FEATURE_FAILURE_WEBGL_EXHAUSTED_DRIVERS)
JavaScript warning: https://static.xx.fbcdn.net/rsrc.php/v3iqES4/yc/l/en_US/62ORkRdLvLv.js?_nc_x=Ij3Wp8lg5Kz, line 22: Failed to create WebGL context: WebGL creation failed: 
* tryNativeGL ()
* Exhausted GL driver options. (FEATURE_FAILURE_WEBGL_EXHAUSTED_DRIVERS)
console.warn: LoginRecipes: "Falling back to a synchronous message for: https://www.facebook.com."
console.warn: LoginRecipes: "Falling back to a synchronous message for: https://www.facebook.com."
JavaScript warning: https://static.xx.fbcdn.net/rsrc.php/v3iPDG4/yn/l/makehaste_jhash/Zm94TtgvyCX.js?_nc_x=6Fu5YJSc13F, line 155: Failed to create WebGL context: WebGL creation failed: 
* tryNativeGL ()
* Exhausted GL driver options. (FEATURE_FAILURE_WEBGL_EXHAUSTED_DRIVERS)
JavaScript warning: https://static.xx.fbcdn.net/rsrc.php/v3iPDG4/yn/l/makehaste_jhash/Zm94TtgvyCX.js?_nc_x=6Fu5YJSc13F, line 155: Failed to create WebGL context: WebGL creation failed: 
* tryNativeGL ()
* Exhausted GL driver options. (FEATURE_FAILURE_WEBGL_EXHAUSTED_DRIVERS)
console.warn: LoginRecipes: "Falling back to a synchronous message for: https://www.facebook.com."
console.warn: LoginRecipes: "Falling back to a synchronous message for: https://www.facebook.com."
console.warn: LoginRecipes: "Falling back to a synchronous message for: https://www.facebook.com."
console.warn: LoginRecipes: "Falling back to a synchronous message for: https://www.facebook.com."
console.warn: LoginRecipes: "Falling back to a synchronous message for: https://www.facebook.com."
console.warn: LoginRecipes: "Falling back to a synchronous message for: https://www.facebook.com."
JavaScript warning: https://static.xx.fbcdn.net/rsrc.php/v3/yI/r/Ib90vcVxYzI.js?_nc_x=6Fu5YJSc13F, line 43: Failed to create WebGL context: WebGL creation failed: 
* tryNativeGL ()
* Exhausted GL driver options. (FEATURE_FAILURE_WEBGL_EXHAUSTED_DRIVERS)
JavaScript warning: https://static.xx.fbcdn.net/rsrc.php/v3/yI/r/Ib90vcVxYzI.js?_nc_x=6Fu5YJSc13F, line 43: Failed to create WebGL context: WebGL creation failed: 
* tryNativeGL ()
* Exhausted GL driver options. (FEATURE_FAILURE_WEBGL_EXHAUSTED_DRIVERS)
console.warn: LoginRecipes: "Falling back to a synchronous message for: https://m.facebook.com."
console.warn: LoginRecipes: "Falling back to a synchronous message for: https://m.facebook.com."
console.warn: LoginRecipes: "Falling back to a synchronous message for: https://m.facebook.com."
console.warn: LoginRecipes: "Falling back to a synchronous message for: https://m.facebook.com."
console.warn: LoginRecipes: "Falling back to a synchronous message for: https://m.facebook.com."
console.warn: LoginRecipes: "Falling back to a synchronous message for: https://m.facebook.com."
Exiting due to channel error.
Exiting due to channel error.
Exiting due to channel error.
Exiting due to channel error.
Exiting due to channel error.
Exiting due to channel error.
1676830774976	geckodriver	INFO	Listening on 127.0.0.1:59773
1676830775478	mozrunner::runner	INFO	Running command: "/usr/bin/firefox" "--marionette" "--remote-debugging-port" "47899" "--remote-allow-hosts" "localhost" "-no-remote" "-profile" "/tmp/rust_mozprofilerCNnXy"
[GFX1-]: glxtest: libEGL missing
1676830775889	Marionette	INFO	Marionette enabled
1676830775892	Marionette	INFO	Listening on port 36501
WebDriver BiDi listening on ws://127.0.0.1:47899
Read port: 36501
1676830776100	RemoteAgent	WARN	TLS certificate errors will be ignored for this session
console.warn: SearchSettings: "get: No settings file exists, new profile?" (new NotFoundError("Could not open the file at /tmp/rust_mozprofilerCNnXy/search.json.mozlz4", (void 0)))
DevTools listening on ws://127.0.0.1:47899/devtools/browser/fb936ab2-92f2-4dc3-a0e0-9ab359c42b75
NVD3D10: CPU cyclestats are disabled on client virtualization 
NVD3D10: CPU cyclestats are disabled on client virtualization 
JavaScript warning: https://static.xx.fbcdn.net/rsrc.php/v3/yI/r/Ib90vcVxYzI.js?_nc_x=Ij3Wp8lg5Kz, line 43: Failed to create WebGL context: WebGL creation failed: 
* tryNativeGL ()
* Exhausted GL driver options. (FEATURE_FAILURE_WEBGL_EXHAUSTED_DRIVERS)
JavaScript warning: https://static.xx.fbcdn.net/rsrc.php/v3/yI/r/Ib90vcVxYzI.js?_nc_x=Ij3Wp8lg5Kz, line 43: Failed to create WebGL context: WebGL creation failed: 
* tryNativeGL ()
* Exhausted GL driver options. (FEATURE_FAILURE_WEBGL_EXHAUSTED_DRIVERS)
JavaScript warning: https://static.xx.fbcdn.net/rsrc.php/v3iqES4/yc/l/en_US/62ORkRdLvLv.js?_nc_x=Ij3Wp8lg5Kz, line 22: Failed to create WebGL context: WebGL creation failed: 
* tryNativeGL ()
* Exhausted GL driver options. (FEATURE_FAILURE_WEBGL_EXHAUSTED_DRIVERS)
JavaScript warning: https://static.xx.fbcdn.net/rsrc.php/v3iqES4/yc/l/en_US/62ORkRdLvLv.js?_nc_x=Ij3Wp8lg5Kz, line 22: Failed to create WebGL context: WebGL creation failed: 
* tryNativeGL ()
* Exhausted GL driver options. (FEATURE_FAILURE_WEBGL_EXHAUSTED_DRIVERS)
console.warn: LoginRecipes: "Falling back to a synchronous message for: https://www.facebook.com."
console.warn: LoginRecipes: "Falling back to a synchronous message for: https://www.facebook.com."
JavaScript warning: https://static.xx.fbcdn.net/rsrc.php/v3iPDG4/yn/l/makehaste_jhash/Zm94TtgvyCX.js?_nc_x=6Fu5YJSc13F, line 155: Failed to create WebGL context: WebGL creation failed: 
* tryNativeGL ()
* Exhausted GL driver options. (FEATURE_FAILURE_WEBGL_EXHAUSTED_DRIVERS)
JavaScript warning: https://static.xx.fbcdn.net/rsrc.php/v3iPDG4/yn/l/makehaste_jhash/Zm94TtgvyCX.js?_nc_x=6Fu5YJSc13F, line 155: Failed to create WebGL context: WebGL creation failed: 
* tryNativeGL ()
* Exhausted GL driver options. (FEATURE_FAILURE_WEBGL_EXHAUSTED_DRIVERS)
console.warn: LoginRecipes: "Falling back to a synchronous message for: https://www.facebook.com."
console.warn: LoginRecipes: "Falling back to a synchronous message for: https://www.facebook.com."
console.warn: LoginRecipes: "Falling back to a synchronous message for: https://www.facebook.com."
console.warn: LoginRecipes: "Falling back to a synchronous message for: https://www.facebook.com."
console.warn: LoginRecipes: "Falling back to a synchronous message for: https://www.facebook.com."
console.warn: LoginRecipes: "Falling back to a synchronous message for: https://www.facebook.com."
JavaScript warning: https://static.xx.fbcdn.net/rsrc.php/v3/yI/r/Ib90vcVxYzI.js?_nc_x=6Fu5YJSc13F, line 43: Failed to create WebGL context: WebGL creation failed: 
* tryNativeGL ()
* Exhausted GL driver options. (FEATURE_FAILURE_WEBGL_EXHAUSTED_DRIVERS)
JavaScript warning: https://static.xx.fbcdn.net/rsrc.php/v3/yI/r/Ib90vcVxYzI.js?_nc_x=6Fu5YJSc13F, line 43: Failed to create WebGL context: WebGL creation failed: 
* tryNativeGL ()
* Exhausted GL driver options. (FEATURE_FAILURE_WEBGL_EXHAUSTED_DRIVERS)
console.warn: LoginRecipes: "Falling back to a synchronous message for: https://m.facebook.com."
console.warn: LoginRecipes: "Falling back to a synchronous message for: https://m.facebook.com."
console.warn: LoginRecipes: "Falling back to a synchronous message for: https://m.facebook.com."
console.warn: LoginRecipes: "Falling back to a synchronous message for: https://m.facebook.com."
console.warn: LoginRecipes: "Falling back to a synchronous message for: https://m.facebook.com."
console.warn: LoginRecipes: "Falling back to a synchronous message for: https://m.facebook.com."
Exiting due to channel error.
Exiting due to channel error.
Exiting due to channel error.
Exiting due to channel error.
Exiting due to channel error.
Exiting due to channel error.
1676831322281	geckodriver	INFO	Listening on 127.0.0.1:39921
1676831322784	mozrunner::runner	INFO	Running command: "/usr/bin/firefox" "--marionette" "--remote-debugging-port" "37333" "--remote-allow-hosts" "localhost" "-no-remote" "-profile" "/tmp/rust_mozprofilerScqA7"
[GFX1-]: glxtest: libEGL missing
1676831323245	Marionette	INFO	Marionette enabled
1676831323248	Marionette	INFO	Listening on port 37543
Read port: 37543
WebDriver BiDi listening on ws://127.0.0.1:37333
1676831323342	RemoteAgent	WARN	TLS certificate errors will be ignored for this session
console.warn: SearchSettings: "get: No settings file exists, new profile?" (new NotFoundError("Could not open the file at /tmp/rust_mozprofilerScqA7/search.json.mozlz4", (void 0)))
DevTools listening on ws://127.0.0.1:37333/devtools/browser/367977ca-3f85-4b77-8442-9307a7aec7f2
NVD3D10: CPU cyclestats are disabled on client virtualization 
NVD3D10: CPU cyclestats are disabled on client virtualization 
JavaScript warning: https://static.xx.fbcdn.net/rsrc.php/v3/yI/r/Ib90vcVxYzI.js?_nc_x=Ij3Wp8lg5Kz, line 43: Failed to create WebGL context: WebGL creation failed: 
* tryNativeGL ()
* Exhausted GL driver options. (FEATURE_FAILURE_WEBGL_EXHAUSTED_DRIVERS)
JavaScript warning: https://static.xx.fbcdn.net/rsrc.php/v3/yI/r/Ib90vcVxYzI.js?_nc_x=Ij3Wp8lg5Kz, line 43: Failed to create WebGL context: WebGL creation failed: 
* tryNativeGL ()
* Exhausted GL driver options. (FEATURE_FAILURE_WEBGL_EXHAUSTED_DRIVERS)
JavaScript warning: https://static.xx.fbcdn.net/rsrc.php/v3iqES4/yc/l/en_US/62ORkRdLvLv.js?_nc_x=Ij3Wp8lg5Kz, line 22: Failed to create WebGL context: WebGL creation failed: 
* tryNativeGL ()
* Exhausted GL driver options. (FEATURE_FAILURE_WEBGL_EXHAUSTED_DRIVERS)
JavaScript warning: https://static.xx.fbcdn.net/rsrc.php/v3iqES4/yc/l/en_US/62ORkRdLvLv.js?_nc_x=Ij3Wp8lg5Kz, line 22: Failed to create WebGL context: WebGL creation failed: 
* tryNativeGL ()
* Exhausted GL driver options. (FEATURE_FAILURE_WEBGL_EXHAUSTED_DRIVERS)
console.warn: LoginRecipes: "Falling back to a synchronous message for: https://www.facebook.com."
console.warn: LoginRecipes: "Falling back to a synchronous message for: https://www.facebook.com."
JavaScript warning: https://static.xx.fbcdn.net/rsrc.php/v3iPDG4/yn/l/makehaste_jhash/Zm94TtgvyCX.js?_nc_x=6Fu5YJSc13F, line 155: Failed to create WebGL context: WebGL creation failed: 
* tryNativeGL ()
* Exhausted GL driver options. (FEATURE_FAILURE_WEBGL_EXHAUSTED_DRIVERS)
JavaScript warning: https://static.xx.fbcdn.net/rsrc.php/v3iPDG4/yn/l/makehaste_jhash/Zm94TtgvyCX.js?_nc_x=6Fu5YJSc13F, line 155: Failed to create WebGL context: WebGL creation failed: 
* tryNativeGL ()
* Exhausted GL driver options. (FEATURE_FAILURE_WEBGL_EXHAUSTED_DRIVERS)
console.warn: LoginRecipes: "Falling back to a synchronous message for: https://www.facebook.com."
console.warn: LoginRecipes: "Falling back to a synchronous message for: https://www.facebook.com."
console.warn: LoginRecipes: "Falling back to a synchronous message for: https://www.facebook.com."
console.warn: LoginRecipes: "Falling back to a synchronous message for: https://www.facebook.com."
console.warn: LoginRecipes: "Falling back to a synchronous message for: https://www.facebook.com."
console.warn: LoginRecipes: "Falling back to a synchronous message for: https://www.facebook.com."
JavaScript error: resource://devtools/client/jsonview/Sniffer.sys.mjs, line 53: NS_ERROR_NOT_AVAILABLE: Component returned failure code: 0x80040111 (NS_ERROR_NOT_AVAILABLE) [nsIChannel.contentType]
JavaScript error: resource://devtools/client/jsonview/Sniffer.sys.mjs, line 53: NS_ERROR_NOT_AVAILABLE: Component returned failure code: 0x80040111 (NS_ERROR_NOT_AVAILABLE) [nsIChannel.contentType]
JavaScript warning: https://static.xx.fbcdn.net/rsrc.php/v3/yI/r/Ib90vcVxYzI.js?_nc_x=6Fu5YJSc13F, line 43: Failed to create WebGL context: WebGL creation failed: 
* tryNativeGL ()
* Exhausted GL driver options. (FEATURE_FAILURE_WEBGL_EXHAUSTED_DRIVERS)
JavaScript warning: https://static.xx.fbcdn.net/rsrc.php/v3/yI/r/Ib90vcVxYzI.js?_nc_x=6Fu5YJSc13F, line 43: Failed to create WebGL context: WebGL creation failed: 
* tryNativeGL ()
* Exhausted GL driver options. (FEATURE_FAILURE_WEBGL_EXHAUSTED_DRIVERS)
console.warn: LoginRecipes: "Falling back to a synchronous message for: https://m.facebook.com."
console.warn: LoginRecipes: "Falling back to a synchronous message for: https://m.facebook.com."
console.warn: LoginRecipes: "Falling back to a synchronous message for: https://m.facebook.com."
console.warn: LoginRecipes: "Falling back to a synchronous message for: https://m.facebook.com."
console.warn: LoginRecipes: "Falling back to a synchronous message for: https://m.facebook.com."
console.warn: LoginRecipes: "Falling back to a synchronous message for: https://m.facebook.com."
1676831344108	Marionette	INFO	Stopped listening on port 37543
